<?xml version="1.0" encoding="UTF-8"?>
<testsuites name="jest tests" tests="8" failures="0" time="2.174">
  <testsuite name="input" errors="0" failures="0" skipped="0" timestamp="2020-01-18T15:45:05" time="1.242" tests="3">
    <testcase classname="input large size" name="input large size" time="0.002">
    </testcase>
    <testcase classname="input disabled" name="input disabled" time="0.002">
    </testcase>
    <testcase classname="input trigger blue" name="input trigger blue" time="0.001">
    </testcase>
  </testsuite>
  <testsuite name="dialog" errors="0" failures="0" skipped="0" timestamp="2020-01-18T15:45:07" time="0.291" tests="1">
    <testcase classname="dialog render correct" name="dialog render correct" time="0.019">
    </testcase>
  </testsuite>
  <testsuite name="Button" errors="0" failures="0" skipped="0" timestamp="2020-01-18T15:45:07" time="0.352" tests="2">
    <testcase classname="Button create" name="Button create" time="0.003">
    </testcase>
    <testcase classname="Button trigger click" name="Button trigger click" time="0.005">
    </testcase>
  </testsuite>
  <testsuite name="icon component" errors="0" failures="0" skipped="0" timestamp="2020-01-18T15:45:07" time="0.149" tests="2">
    <testcase classname="icon component test props name" name="icon component test props name" time="0.002">
    </testcase>
    <testcase classname="icon component trigger click event" name="icon component trigger click event" time="0.001">
    </testcase>
  </testsuite>
</testsuites>